<?xml version="1.0" encoding="UTF-8"?>
<!-- Generated by org.testng.reporters.JUnitXMLReporter -->
<testsuite hostname="SAKET-PC" failures="0" tests="2" name="Default test" time="0.04" errors="0" timestamp="5 May 2022 09:49:50 GMT">
  <testcase classname="superherosregression.APIRegression" name="@BeforeTest beforeTest" time="0.0">
    <failure type="org.testng.TestNGException" message="
Parameter &amp;apos;API_Base_URL&amp;apos; is required by @Configuration on method beforeTest but has not been marked @Optional or defined
in C:\Users\BACS\AppData\Local\Temp\testng-eclipse-1296389572\testng-customsuite.xml">
      <![CDATA[org.testng.TestNGException: 
Parameter 'API_Base_URL' is required by @Configuration on method beforeTest but has not been marked @Optional or defined
in C:\Users\BACS\AppData\Local\Temp\testng-eclipse-1296389572\testng-customsuite.xml
	at org.testng.internal.Parameters.createParameters(Parameters.java:155)
	at org.testng.internal.Parameters.createParameters(Parameters.java:358)
	at org.testng.internal.Parameters.createConfigurationParameters(Parameters.java:86)
	at org.testng.internal.Invoker.invokeConfigurations(Invoker.java:199)
	at org.testng.internal.Invoker.invokeConfigurations(Invoker.java:138)
	at org.testng.TestRunner.beforeRun(TestRunner.java:641)
	at org.testng.TestRunner.run(TestRunner.java:609)
	at org.testng.SuiteRunner.runTest(SuiteRunner.java:348)
	at org.testng.SuiteRunner.runSequentially(SuiteRunner.java:343)
	at org.testng.SuiteRunner.privateRun(SuiteRunner.java:305)
	at org.testng.SuiteRunner.run(SuiteRunner.java:254)
	at org.testng.SuiteRunnerWorker.runSuite(SuiteRunnerWorker.java:52)
	at org.testng.SuiteRunnerWorker.run(SuiteRunnerWorker.java:86)
	at org.testng.TestNG.runSuitesSequentially(TestNG.java:1224)
	at org.testng.TestNG.runSuitesLocally(TestNG.java:1149)
	at org.testng.TestNG.run(TestNG.java:1057)
	at org.testng.remote.AbstractRemoteTestNG.run(AbstractRemoteTestNG.java:115)
	at org.testng.remote.RemoteTestNG.initAndRun(RemoteTestNG.java:251)
	at org.testng.remote.RemoteTestNG.main(RemoteTestNG.java:77)
]]>
    </failure>
  </testcase> <!-- @BeforeTest beforeTest -->
  <testcase classname="superherosregression.APIRegression" name="Login" time="0.004">
    <skipped/>
  </testcase> <!-- Login -->
  <testcase classname="superherosregression.APIRegression" name="users_list" time="0.002">
    <skipped/>
  </testcase> <!-- users_list -->
</testsuite> <!-- Default test -->
