<?xml version="1.0" encoding="UTF-8"?>
<!-- Generated by org.testng.reporters.JUnitXMLReporter -->
<testsuite hostname="SAKET-PC" failures="0" tests="4" name="ChromeRegression" time="46.911" errors="0" timestamp="7 May 2022 09:43:35 GMT">
  <testcase classname="superherosregression.WebRegression" name="Verify_dashboard_with_registration" time="24.975"/>
  <testcase classname="superherosregression.WebRegression" name="Verity_dashboard_with_login" time="12.625"/>
  <testcase classname="superherosregression.WebRegression" name="Verity_errormessage_invalilogin" time="1.204"/>
  <testcase classname="superherosregression.WebRegression" name="Verity_errormessage_invalilogin" time="1.13"/>
</testsuite> <!-- ChromeRegression -->
