<?xml version="1.0" encoding="UTF-8"?>
<!-- Generated by org.testng.reporters.JUnitXMLReporter -->
<testsuite hostname="SAKET-PC" failures="0" tests="4" name="ChromeRegression" time="29.784" errors="0" timestamp="7 May 2022 12:06:14 GMT">
  <testcase classname="superherosregression.WebRegression" name="Verify_dashboard_with_registration" time="14.604"/>
  <testcase classname="superherosregression.WebRegression" name="Verity_dashboard_with_login" time="5.396"/>
  <testcase classname="superherosregression.WebRegression" name="Verity_errormessage_invalilogin" time="1.121"/>
  <testcase classname="superherosregression.WebRegression" name="Verity_errormessage_invalilogin" time="1.074"/>
</testsuite> <!-- ChromeRegression -->
