<?xml version="1.0" encoding="UTF-8"?>
<!-- Generated by org.testng.reporters.JUnitXMLReporter -->
<testsuite hostname="SAKET-PC" failures="1" tests="8" name="Test" time="42.969" errors="0" timestamp="5 May 2022 14:34:21 GMT">
  <testcase classname="superherosregression.APIRegression" name="AddUser" time="1.482"/>
  <testcase classname="superherosregression.APIRegression" name="Login" time="2.857"/>
  <testcase classname="superherosregression.APIRegression" name="Registration" time="1.537">
    <failure type="java.lang.AssertionError" message="expected [400] but found [200]">
      <![CDATA[java.lang.AssertionError: expected [400] but found [200]
	at superherosregression.APIRegression.Registration(APIRegression.java:75)
... Removed 27 stack frames]]>
    </failure>
  </testcase> <!-- Registration -->
  <testcase classname="superherosregression.APIRegression" name="users_list" time="1.648"/>
  <testcase classname="superherosregression.WebRegression" name="Verify_dashboard_with_registration" time="10.674"/>
  <testcase classname="superherosregression.WebRegression" name="Verity_dashboard_with_login" time="7.108"/>
  <testcase classname="superherosregression.WebRegression" name="Verity_errormessage_invalilogin" time="1.399"/>
  <testcase classname="superherosregression.WebRegression" name="Verity_errormessage_invalilogin" time="1.549"/>
</testsuite> <!-- Test -->
