<?xml version="1.0" encoding="UTF-8"?>
<!-- Generated by org.testng.reporters.JUnitXMLReporter -->
<testsuite hostname="SAKET-PC" failures="0" tests="4" name="ChromeTest" time="32.113" errors="0" timestamp="5 May 2022 01:38:25 GMT">
  <testcase classname="superherosregression.WebRegression" name="Verify_dashboard_with_registration" time="13.347"/>
  <testcase classname="superherosregression.WebRegression" name="Verity_dashboard_with_login" time="6.804"/>
  <testcase classname="superherosregression.WebRegression" name="Verity_errormessage_invalilogin" time="1.274"/>
  <testcase classname="superherosregression.WebRegression" name="Verity_errormessage_invalilogin" time="1.219"/>
</testsuite> <!-- ChromeTest -->
