<?xml version="1.0" encoding="UTF-8"?>
<!-- Generated by org.testng.reporters.JUnitXMLReporter -->
<testsuite hostname="SAKET-PC" failures="0" tests="1" name="FirefoxTest" time="45544.855" errors="0" timestamp="5 May 2022 04:18:38 GMT">
  <testcase classname="superherosregression.WebRegression" name="@BeforeTest beforeTest" time="0.0">
    <failure type="org.openqa.selenium.WebDriverException" message="Failed to connect to binary FirefoxBinary(C:\Program Files\Mozilla Firefox\firefox.exe) on port 7055; process output follows: 
odules/TelemetryArchive.jsm:99:5
promiseArchivePing@resource://gre/modules/TelemetryArchive.jsm:59:33
_submitPingLogic@resource://gre/modules/TelemetryControllerParent.jsm:536:43
send@resource://gre/modules/TelemetryControllerParent.jsm:624:24
submitExternalPing@resource://gre/modules/TelemetryControllerParent.jsm:179:17
saveShutdownPings@resource://gre/modules/TelemetrySession.jsm:1012:31
shutdownChromeProcess/cleanup/&amp;lt;@resource://gre/modules/TelemetrySession.jsm:1230:20
cleanup@resource://gre/modules/TelemetrySession.jsm:1237:9
shutdownChromeProcess@resource://gre/modules/TelemetrySession.jsm:1254:14
shutdown@resource://gre/modules/TelemetrySession.jsm:252:17
_cleanupOnShutdown@resource://gre/modules/TelemetryControllerParent.jsm:969:30
observe@resource://gre/modules/AsyncShutdown.jsm:575:16

WARNING: A blocker encountered an error while we were waiting.
          Blocker:  TelemetryController: shutting down
          Phase: profile-before-change-telemetry
          State: Error getting state: Error: Phase &amp;quot;profile-before-change&amp;quot; is finished, it is too late to register completion condition &amp;quot;OS.File: flush I/O queued before profileBeforeChange&amp;quot; at addBlocker@resource://gre/modules/AsyncShutdown.jsm:718:15
addBlocker@resource://gre/modules/AsyncShutdown.jsm:526:26
addBlocker@resource://gre/modules/AsyncShutdown.jsm:465:15
setupShutdown@resource://gre/modules/osfile/osfile_async_front.jsm:1564:28
@resource://gre/modules/osfile/osfile_async_front.jsm:1584:16
@resource://gre/modules/osfile.jsm:11:30
@resource://gre/modules/TelemetryStorage.jsm:18:28
getShutdownState@resource://gre/modules/TelemetrySend.jsm:1665:7
getShutdownState@resource://gre/modules/TelemetrySend.jsm:358:30
_getState@resource://gre/modules/TelemetryControllerParent.jsm:1073:33
setupTelemetry/&amp;lt;@resource://gre/modules/TelemetryControllerParent.jsm:913:18
safeGetState@resource://gre/modules/AsyncShutdown.jsm:257:17
Barrier/addBlocker/promise&amp;lt;@resource://gre/modules/AsyncShutdown.jsm:766:20
observe@resource://gre/modules/AsyncShutdown.jsm:575:16

WARNING: Error: Phase &amp;quot;profile-before-change&amp;quot; is finished, it is too late to register completion condition &amp;quot;OS.File: flush I/O queued before profileBeforeChange&amp;quot;
WARNING: addBlocker@resource://gre/modules/AsyncShutdown.jsm:718:15
addBlocker@resource://gre/modules/AsyncShutdown.jsm:526:26
addBlocker@resource://gre/modules/AsyncShutdown.jsm:465:15
setupShutdown@resource://gre/modules/osfile/osfile_async_front.jsm:1564:28
@resource://gre/modules/osfile/osfile_async_front.jsm:1584:16
@resource://gre/modules/osfile.jsm:11:30
@resource://gre/modules/TelemetryStorage.jsm:18:28
removeAbortedSessionPing@resource://gre/modules/TelemetryControllerParent.jsm:717:5
removeAbortedSessionPing@resource://gre/modules/TelemetryControllerParent.jsm:246:17
shutdownChromeProcess/cleanup/&amp;lt;@resource://gre/modules/TelemetrySession.jsm:1233:37
observe@resource://gre/modules/AsyncShutdown.jsm:575:16

JavaScript error: resource://gre/modules/AsyncShutdown.jsm, line 718: Error: Phase &amp;quot;profile-before-change&amp;quot; is finished, it is too late to register completion condition &amp;quot;OS.File: flush I/O queued before profileBeforeChange&amp;quot;
JavaScript error: resource://gre/modules/AsyncShutdown.jsm, line 718: Error: Phase &amp;quot;profile-before-change&amp;quot; is finished, it is too late to register completion condition &amp;quot;OS.File: flush I/O queued before profileBeforeChange&amp;quot;
JavaScript error: resource://gre/modules/AsyncShutdown.jsm, line 718: Error: Phase &amp;quot;profile-before-change&amp;quot; is finished, it is too late to register completion condition &amp;quot;OS.File: flush I/O queued before profileBeforeChange&amp;quot;
JavaScript error: resource://gre/modules/AsyncShutdown.jsm, line 718: Error: Phase &amp;quot;profile-before-change&amp;quot; is finished, it is too late to register completion condition &amp;quot;OS.File: flush I/O queued before profileBeforeChange&amp;quot;
JavaScript error: resource://gre/modules/AsyncShutdown.jsm, line 718: Error: Phase &amp;quot;profile-before-change&amp;quot; is finished, it is too late to register completion condition &amp;quot;OS.File: flush I/O queued before profileBeforeChange&amp;quot;

Build info: version: &amp;apos;2.45.0&amp;apos;, revision: &amp;apos;5017cb8e7ca8e37638dc3091b2440b90a1d8686f&amp;apos;, time: &amp;apos;2015-02-27 09:10:26&amp;apos;
System info: host: &amp;apos;SAKET-PC&amp;apos;, ip: &amp;apos;192.168.141.1&amp;apos;, os.name: &amp;apos;Windows 10&amp;apos;, os.arch: &amp;apos;amd64&amp;apos;, os.version: &amp;apos;10.0&amp;apos;, java.version: &amp;apos;18&amp;apos;
Driver info: driver.version: FirefoxDriver">
      <![CDATA[org.openqa.selenium.WebDriverException: Failed to connect to binary FirefoxBinary(C:\Program Files\Mozilla Firefox\firefox.exe) on port 7055; process output follows: 
odules/TelemetryArchive.jsm:99:5
promiseArchivePing@resource://gre/modules/TelemetryArchive.jsm:59:33
_submitPingLogic@resource://gre/modules/TelemetryControllerParent.jsm:536:43
send@resource://gre/modules/TelemetryControllerParent.jsm:624:24
submitExternalPing@resource://gre/modules/TelemetryControllerParent.jsm:179:17
saveShutdownPings@resource://gre/modules/TelemetrySession.jsm:1012:31
shutdownChromeProcess/cleanup/<@resource://gre/modules/TelemetrySession.jsm:1230:20
cleanup@resource://gre/modules/TelemetrySession.jsm:1237:9
shutdownChromeProcess@resource://gre/modules/TelemetrySession.jsm:1254:14
shutdown@resource://gre/modules/TelemetrySession.jsm:252:17
_cleanupOnShutdown@resource://gre/modules/TelemetryControllerParent.jsm:969:30
observe@resource://gre/modules/AsyncShutdown.jsm:575:16

WARNING: A blocker encountered an error while we were waiting.
          Blocker:  TelemetryController: shutting down
          Phase: profile-before-change-telemetry
          State: Error getting state: Error: Phase "profile-before-change" is finished, it is too late to register completion condition "OS.File: flush I/O queued before profileBeforeChange" at addBlocker@resource://gre/modules/AsyncShutdown.jsm:718:15
addBlocker@resource://gre/modules/AsyncShutdown.jsm:526:26
addBlocker@resource://gre/modules/AsyncShutdown.jsm:465:15
setupShutdown@resource://gre/modules/osfile/osfile_async_front.jsm:1564:28
@resource://gre/modules/osfile/osfile_async_front.jsm:1584:16
@resource://gre/modules/osfile.jsm:11:30
@resource://gre/modules/TelemetryStorage.jsm:18:28
getShutdownState@resource://gre/modules/TelemetrySend.jsm:1665:7
getShutdownState@resource://gre/modules/TelemetrySend.jsm:358:30
_getState@resource://gre/modules/TelemetryControllerParent.jsm:1073:33
setupTelemetry/<@resource://gre/modules/TelemetryControllerParent.jsm:913:18
safeGetState@resource://gre/modules/AsyncShutdown.jsm:257:17
Barrier/addBlocker/promise<@resource://gre/modules/AsyncShutdown.jsm:766:20
observe@resource://gre/modules/AsyncShutdown.jsm:575:16

WARNING: Error: Phase "profile-before-change" is finished, it is too late to register completion condition "OS.File: flush I/O queued before profileBeforeChange"
WARNING: addBlocker@resource://gre/modules/AsyncShutdown.jsm:718:15
addBlocker@resource://gre/modules/AsyncShutdown.jsm:526:26
addBlocker@resource://gre/modules/AsyncShutdown.jsm:465:15
setupShutdown@resource://gre/modules/osfile/osfile_async_front.jsm:1564:28
@resource://gre/modules/osfile/osfile_async_front.jsm:1584:16
@resource://gre/modules/osfile.jsm:11:30
@resource://gre/modules/TelemetryStorage.jsm:18:28
removeAbortedSessionPing@resource://gre/modules/TelemetryControllerParent.jsm:717:5
removeAbortedSessionPing@resource://gre/modules/TelemetryControllerParent.jsm:246:17
shutdownChromeProcess/cleanup/<@resource://gre/modules/TelemetrySession.jsm:1233:37
observe@resource://gre/modules/AsyncShutdown.jsm:575:16

JavaScript error: resource://gre/modules/AsyncShutdown.jsm, line 718: Error: Phase "profile-before-change" is finished, it is too late to register completion condition "OS.File: flush I/O queued before profileBeforeChange"
JavaScript error: resource://gre/modules/AsyncShutdown.jsm, line 718: Error: Phase "profile-before-change" is finished, it is too late to register completion condition "OS.File: flush I/O queued before profileBeforeChange"
JavaScript error: resource://gre/modules/AsyncShutdown.jsm, line 718: Error: Phase "profile-before-change" is finished, it is too late to register completion condition "OS.File: flush I/O queued before profileBeforeChange"
JavaScript error: resource://gre/modules/AsyncShutdown.jsm, line 718: Error: Phase "profile-before-change" is finished, it is too late to register completion condition "OS.File: flush I/O queued before profileBeforeChange"
JavaScript error: resource://gre/modules/AsyncShutdown.jsm, line 718: Error: Phase "profile-before-change" is finished, it is too late to register completion condition "OS.File: flush I/O queued before profileBeforeChange"

Build info: version: '2.45.0', revision: '5017cb8e7ca8e37638dc3091b2440b90a1d8686f', time: '2015-02-27 09:10:26'
System info: host: 'SAKET-PC', ip: '192.168.141.1', os.name: 'Windows 10', os.arch: 'amd64', os.version: '10.0', java.version: '18'
Driver info: driver.version: FirefoxDriver
	at org.openqa.selenium.firefox.internal.NewProfileExtensionConnection.start(NewProfileExtensionConnection.java:130)
	at org.openqa.selenium.firefox.FirefoxDriver.startClient(FirefoxDriver.java:246)
	at org.openqa.selenium.remote.RemoteWebDriver.<init>(RemoteWebDriver.java:114)
	at org.openqa.selenium.firefox.FirefoxDriver.<init>(FirefoxDriver.java:191)
	at org.openqa.selenium.firefox.FirefoxDriver.<init>(FirefoxDriver.java:186)
	at org.openqa.selenium.firefox.FirefoxDriver.<init>(FirefoxDriver.java:182)
	at org.openqa.selenium.firefox.FirefoxDriver.<init>(FirefoxDriver.java:95)
	at superherosregression.WebRegression.beforeTest(WebRegression.java:104)
Caused by: org.openqa.selenium.firefox.NotConnectedException: Unable to connect to host 127.0.0.1 on port 7055 after 45000 ms. Firefox console output:
odules/TelemetryArchive.jsm:99:5
promiseArchivePing@resource://gre/modules/TelemetryArchive.jsm:59:33
_submitPingLogic@resource://gre/modules/TelemetryControllerParent.jsm:536:43
send@resource://gre/modules/TelemetryControllerParent.jsm:624:24
submitExternalPing@resource://gre/modules/TelemetryControllerParent.jsm:179:17
saveShutdownPings@resource://gre/modules/TelemetrySession.jsm:1012:31
shutdownChromeProcess/cleanup/<@resource://gre/modules/TelemetrySession.jsm:1230:20
cleanup@resource://gre/modules/TelemetrySession.jsm:1237:9
shutdownChromeProcess@resource://gre/modules/TelemetrySession.jsm:1254:14
shutdown@resource://gre/modules/TelemetrySession.jsm:252:17
_cleanupOnShutdown@resource://gre/modules/TelemetryControllerParent.jsm:969:30
observe@resource://gre/modules/AsyncShutdown.jsm:575:16

WARNING: A blocker encountered an error while we were waiting.
          Blocker:  TelemetryController: shutting down
          Phase: profile-before-change-telemetry
          State: Error getting state: Error: Phase "profile-before-change" is finished, it is too late to register completion condition "OS.File: flush I/O queued before profileBeforeChange" at addBlocker@resource://gre/modules/AsyncShutdown.jsm:718:15
addBlocker@resource://gre/modules/AsyncShutdown.jsm:526:26
addBlocker@resource://gre/modules/AsyncShutdown.jsm:465:15
setupShutdown@resource://gre/modules/osfile/osfile_async_front.jsm:1564:28
@resource://gre/modules/osfile/osfile_async_front.jsm:1584:16
@resource://gre/modules/osfile.jsm:11:30
@resource://gre/modules/TelemetryStorage.jsm:18:28
getShutdownState@resource://gre/modules/TelemetrySend.jsm:1665:7
getShutdownState@resource://gre/modules/TelemetrySend.jsm:358:30
_getState@resource://gre/modules/TelemetryControllerParent.jsm:1073:33
setupTelemetry/<@resource://gre/modules/TelemetryControllerParent.jsm:913:18
safeGetState@resource://gre/modules/AsyncShutdown.jsm:257:17
Barrier/addBlocker/promise<@resource://gre/modules/AsyncShutdown.jsm:766:20
observe@resource://gre/modules/AsyncShutdown.jsm:575:16

WARNING: Error: Phase "profile-before-change" is finished, it is too late to register completion condition "OS.File: flush I/O queued before profileBeforeChange"
WARNING: addBlocker@resource://gre/modules/AsyncShutdown.jsm:718:15
addBlocker@resource://gre/modules/AsyncShutdown.jsm:526:26
addBlocker@resource://gre/modules/AsyncShutdown.jsm:465:15
setupShutdown@resource://gre/modules/osfile/osfile_async_front.jsm:1564:28
@resource://gre/modules/osfile/osfile_async_front.jsm:1584:16
@resource://gre/modules/osfile.jsm:11:30
@resource://gre/modules/TelemetryStorage.jsm:18:28
removeAbortedSessionPing@resource://gre/modules/TelemetryControllerParent.jsm:717:5
removeAbortedSessionPing@resource://gre/modules/TelemetryControllerParent.jsm:246:17
shutdownChromeProcess/cleanup/<@resource://gre/modules/TelemetrySession.jsm:1233:37
observe@resource://gre/modules/AsyncShutdown.jsm:575:16

JavaScript error: resource://gre/modules/AsyncShutdown.jsm, line 718: Error: Phase "profile-before-change" is finished, it is too late to register completion condition "OS.File: flush I/O queued before profileBeforeChange"
JavaScript error: resource://gre/modules/AsyncShutdown.jsm, line 718: Error: Phase "profile-before-change" is finished, it is too late to register completion condition "OS.File: flush I/O queued before profileBeforeChange"
JavaScript error: resource://gre/modules/AsyncShutdown.jsm, line 718: Error: Phase "profile-before-change" is finished, it is too late to register completion condition "OS.File: flush I/O queued before profileBeforeChange"
JavaScript error: resource://gre/modules/AsyncShutdown.jsm, line 718: Error: Phase "profile-before-change" is finished, it is too late to register completion condition "OS.File: flush I/O queued before profileBeforeChange"
JavaScript error: resource://gre/modules/AsyncShutdown.jsm, line 718: Error: Phase "profile-before-change" is finished, it is too late to register completion condition "OS.File: flush I/O queued before profileBeforeChange"

	at org.openqa.selenium.firefox.internal.NewProfileExtensionConnection.start(NewProfileExtensionConnection.java:118)
	... 31 more
... Removed 24 stack frames]]>
    </failure>
  </testcase> <!-- @BeforeTest beforeTest -->
  <testcase classname="superherosregression.WebRegression" name="@AfterTest afterTest" time="0.0">
    <skipped/>
  </testcase> <!-- @AfterTest afterTest -->
  <testcase classname="superherosregression.WebRegression" name="user_is_on_Home_page" time="0.001">
    <skipped/>
  </testcase> <!-- user_is_on_Home_page -->
</testsuite> <!-- FirefoxTest -->
