<?xml version="1.0" encoding="UTF-8"?>
<testsuite xmlns:xsi="http://www.w3.org/2001/XMLSchema-instance" xsi:noNamespaceSchemaLocation="https://maven.apache.org/surefire/maven-surefire-plugin/xsd/surefire-test-report.xsd" name="TestSuite" time="18.312" tests="4" errors="0" skipped="0" failures="2">
  <properties>
[...]
</properties>
  <testcase name="Verify_dashboard_with_registration" classname="superherosregression.WebRegression" time="0.734">
    <failure message="Element &lt;input id=&quot;worrior_username&quot; class=&quot;center&quot; type=&quot;text&quot;&gt; could not be scrolled into view&#10;Build info: version: &apos;4.1.3&apos;, revision: &apos;7b1ebf28ef&apos;&#10;System info: host: &apos;SAKET-PC&apos;, ip: &apos;192.168.141.1&apos;, os.name: &apos;Windows 10&apos;, os.arch: &apos;amd64&apos;, os.version: &apos;10.0&apos;, java.version: &apos;18&apos;&#10;Driver info: org.openqa.selenium.firefox.FirefoxDriver&#10;Command: [15a54c82-3897-475e-ba31-4f8bc689830b, clearElement {id=4d59b5d5-5342-49cf-9c11-5bd6eb90b16d}]&#10;Capabilities {acceptInsecureCerts: true, browserName: firefox, browserVersion: 100.0, javascriptEnabled: true, moz:accessibilityChecks: false, moz:buildID: 20220428192727, moz:debuggerAddress: localhost:54228, moz:geckodriverVersion: 0.30.0, moz:headless: false, moz:processID: 612, moz:profile: C:\Users\BACS\AppData\Local..., moz:shutdownTimeout: 60000, moz:useNonSpecCompliantPointerOrigin: false, moz:webdriverClick: true, pageLoadStrategy: normal, platform: WINDOWS, platformName: WINDOWS, platformVersion: 10.0, proxy: Proxy(), se:cdp: ws://localhost:54228/devtoo..., se:cdpVersion: 85.0, setWindowRect: true, strictFileInteractability: false, timeouts: {implicit: 0, pageLoad: 300000, script: 30000}, unhandledPromptBehavior: dismiss and notify}&#10;Element: [[FirefoxDriver: firefox on WINDOWS (15a54c82-3897-475e-ba31-4f8bc689830b)] -&gt; id: worrior_username]&#10;Session ID: 15a54c82-3897-475e-ba31-4f8bc689830b" type="org.openqa.selenium.ElementNotInteractableException"><![CDATA[org.openqa.selenium.ElementNotInteractableException: 
Element <input id="worrior_username" class="center" type="text"> could not be scrolled into view
Build info: version: '4.1.3', revision: '7b1ebf28ef'
System info: host: 'SAKET-PC', ip: '192.168.141.1', os.name: 'Windows 10', os.arch: 'amd64', os.version: '10.0', java.version: '18'
Driver info: org.openqa.selenium.firefox.FirefoxDriver
Command: [15a54c82-3897-475e-ba31-4f8bc689830b, clearElement {id=4d59b5d5-5342-49cf-9c11-5bd6eb90b16d}]
Capabilities {acceptInsecureCerts: true, browserName: firefox, browserVersion: 100.0, javascriptEnabled: true, moz:accessibilityChecks: false, moz:buildID: 20220428192727, moz:debuggerAddress: localhost:54228, moz:geckodriverVersion: 0.30.0, moz:headless: false, moz:processID: 612, moz:profile: C:\Users\BACS\AppData\Local..., moz:shutdownTimeout: 60000, moz:useNonSpecCompliantPointerOrigin: false, moz:webdriverClick: true, pageLoadStrategy: normal, platform: WINDOWS, platformName: WINDOWS, platformVersion: 10.0, proxy: Proxy(), se:cdp: ws://localhost:54228/devtoo..., se:cdpVersion: 85.0, setWindowRect: true, strictFileInteractability: false, timeouts: {implicit: 0, pageLoad: 300000, script: 30000}, unhandledPromptBehavior: dismiss and notify}
Element: [[FirefoxDriver: firefox on WINDOWS (15a54c82-3897-475e-ba31-4f8bc689830b)] -> id: worrior_username]
Session ID: 15a54c82-3897-475e-ba31-4f8bc689830b
	at superherosregression.WebRegression.Verify_dashboard_with_registration(WebRegression.java:82)
]]></failure>
    <system-out><![CDATA[User is on COVID-19 THE GAMENew username: VHyNJ
Registration successful
User is on COVID-19 THE GAMEUser is on COVID-19 THE GAME]]></system-out>
    <system-err><![CDATA[SLF4J: Failed to load class "org.slf4j.impl.StaticLoggerBinder".
SLF4J: Defaulting to no-operation (NOP) logger implementation
SLF4J: See http://www.slf4j.org/codes.html#StaticLoggerBinder for further details.
1651745800657	geckodriver	INFO	Listening on 127.0.0.1:64738
1651745801169	mozrunner::runner	INFO	Running command: "C:\\Program Files\\Mozilla Firefox\\firefox.exe" "--marionette" "--remote-debugging-port" "54228" "-no-remote" "-profile" "C:\\Users\\BACS\\AppData\\Local\\Temp\\rust_mozprofilepSxVTP"
1651745801816	Marionette	INFO	Marionette enabled
console.warn: SearchSettings: "get: No settings file exists, new profile?" (new NotFoundError("Could not open the file at C:\\Users\\BACS\\AppData\\Local\\Temp\\rust_mozprofilepSxVTP\\search.json.mozlz4", (void 0)))
DevTools listening on ws://localhost:54228/devtools/browser/26106129-3862-44f0-81cc-e1902269114f
1651745804314	Marionette	INFO	Listening on port 49186
1651745804372	RemoteAgent	WARN	TLS certificate errors will be ignored for this session
May 05, 2022 8:16:44 PM org.openqa.selenium.remote.ProtocolHandshake createSession
INFO: Detected dialect: W3C
]]></system-err>
  </testcase>
  <testcase name="Verity_dashboard_with_login" classname="superherosregression.WebRegression" time="1.565">
    <failure message="Element &lt;a id=&quot;start&quot; class=&quot;btn&quot; href=&quot;covid&quot;&gt; could not be scrolled into view&#10;Build info: version: &apos;4.1.3&apos;, revision: &apos;7b1ebf28ef&apos;&#10;System info: host: &apos;SAKET-PC&apos;, ip: &apos;192.168.141.1&apos;, os.name: &apos;Windows 10&apos;, os.arch: &apos;amd64&apos;, os.version: &apos;10.0&apos;, java.version: &apos;18&apos;&#10;Driver info: org.openqa.selenium.firefox.FirefoxDriver&#10;Command: [15a54c82-3897-475e-ba31-4f8bc689830b, clickElement {id=bf38161c-6f7d-4594-ac82-5b6f675c85a8}]&#10;Capabilities {acceptInsecureCerts: true, browserName: firefox, browserVersion: 100.0, javascriptEnabled: true, moz:accessibilityChecks: false, moz:buildID: 20220428192727, moz:debuggerAddress: localhost:54228, moz:geckodriverVersion: 0.30.0, moz:headless: false, moz:processID: 612, moz:profile: C:\Users\BACS\AppData\Local..., moz:shutdownTimeout: 60000, moz:useNonSpecCompliantPointerOrigin: false, moz:webdriverClick: true, pageLoadStrategy: normal, platform: WINDOWS, platformName: WINDOWS, platformVersion: 10.0, proxy: Proxy(), se:cdp: ws://localhost:54228/devtoo..., se:cdpVersion: 85.0, setWindowRect: true, strictFileInteractability: false, timeouts: {implicit: 0, pageLoad: 300000, script: 30000}, unhandledPromptBehavior: dismiss and notify}&#10;Element: [[FirefoxDriver: firefox on WINDOWS (15a54c82-3897-475e-ba31-4f8bc689830b)] -&gt; id: start]&#10;Session ID: 15a54c82-3897-475e-ba31-4f8bc689830b" type="org.openqa.selenium.ElementNotInteractableException"><![CDATA[org.openqa.selenium.ElementNotInteractableException: 
Element <a id="start" class="btn" href="covid"> could not be scrolled into view
Build info: version: '4.1.3', revision: '7b1ebf28ef'
System info: host: 'SAKET-PC', ip: '192.168.141.1', os.name: 'Windows 10', os.arch: 'amd64', os.version: '10.0', java.version: '18'
Driver info: org.openqa.selenium.firefox.FirefoxDriver
Command: [15a54c82-3897-475e-ba31-4f8bc689830b, clickElement {id=bf38161c-6f7d-4594-ac82-5b6f675c85a8}]
Capabilities {acceptInsecureCerts: true, browserName: firefox, browserVersion: 100.0, javascriptEnabled: true, moz:accessibilityChecks: false, moz:buildID: 20220428192727, moz:debuggerAddress: localhost:54228, moz:geckodriverVersion: 0.30.0, moz:headless: false, moz:processID: 612, moz:profile: C:\Users\BACS\AppData\Local..., moz:shutdownTimeout: 60000, moz:useNonSpecCompliantPointerOrigin: false, moz:webdriverClick: true, pageLoadStrategy: normal, platform: WINDOWS, platformName: WINDOWS, platformVersion: 10.0, proxy: Proxy(), se:cdp: ws://localhost:54228/devtoo..., se:cdpVersion: 85.0, setWindowRect: true, strictFileInteractability: false, timeouts: {implicit: 0, pageLoad: 300000, script: 30000}, unhandledPromptBehavior: dismiss and notify}
Element: [[FirefoxDriver: firefox on WINDOWS (15a54c82-3897-475e-ba31-4f8bc689830b)] -> id: start]
Session ID: 15a54c82-3897-475e-ba31-4f8bc689830b
	at superherosregression.WebRegression.Verity_dashboard_with_login(WebRegression.java:131)
]]></failure>
    <system-out><![CDATA[User is on COVID-19 THE GAMEUser is on COVID-19 THE GAME
Login successful
User is on COVID-19 THE GAME]]></system-out>
  </testcase>
  <testcase name="Verity_errormessage_invalilogin" classname="superherosregression.WebRegression" time="1.644"/>
  <testcase name="Verity_errormessage_invalilogin" classname="superherosregression.WebRegression" time="1.41"/>
</testsuite>